nohup: ignoring input
2025-08-13 14:45:11,108 - EnhancedSystemValidator - INFO - ğŸ” Starting enhanced system validation...
2025-08-13 14:45:11,327 - EnhancedSystemValidator - INFO - âœ… All system dependencies validated
2025-08-13 14:45:11,385 - EnhancedTradingBot - INFO - âœ… Enhanced Telegram application setup complete
2025-08-13 14:45:11,385 - EnhancedSystemValidator - INFO - âœ… Enhanced Telegram bot validation passed
2025-08-13 14:45:11,385 - EnhancedSystemValidator - INFO - âœ… Pocket Option SSID synchronization validated
2025-08-13 14:45:11,385 - EnhancedSystemValidator - INFO - âœ… Pair configuration validated: 59 regular, 10 OTC
2025-08-13 14:45:11,385 - EnhancedSystemValidator - INFO - ğŸ“Š Enhanced Validation Results:
2025-08-13 14:45:11,385 - EnhancedSystemValidator - INFO -    System Dependencies: âœ… PASSED
2025-08-13 14:45:11,385 - EnhancedSystemValidator - INFO -    Telegram Bot: âœ… PASSED
2025-08-13 14:45:11,385 - EnhancedSystemValidator - INFO -    Pocket Option Sync: âœ… PASSED
2025-08-13 14:45:11,385 - EnhancedSystemValidator - INFO -    Pair Configuration: âœ… PASSED
2025-08-13 14:45:11,385 - EnhancedSystemValidator - INFO - ğŸ‰ Enhanced system validation completed successfully!
2025-08-13 14:45:11,385 - EnhancedUniversalLauncher - INFO - ğŸš€ Starting Enhanced Universal Trading System...
2025-08-13 14:45:11,385 - EnhancedUniversalLauncher - INFO - ğŸ”§ All fixes implemented:
2025-08-13 14:45:11,385 - EnhancedUniversalLauncher - INFO -    âœ… Fixed interactive button navigation
2025-08-13 14:45:11,385 - EnhancedUniversalLauncher - INFO -    âœ… 1-minute advance signal generation
2025-08-13 14:45:11,385 - EnhancedUniversalLauncher - INFO -    âœ… Pocket Option SSID synchronization
2025-08-13 14:45:11,385 - EnhancedUniversalLauncher - INFO -    âœ… OTC/Regular pair differentiation
2025-08-13 14:45:11,385 - EnhancedUniversalLauncher - INFO -    âœ… Enhanced authorization handling
2025-08-13 14:45:11,385 - EnhancedUniversalLauncher - INFO - ğŸš€ Starting Enhanced Ultimate Trading Bot...
2025-08-13 14:45:11,394 - EnhancedTradingBot - INFO - âœ… Enhanced Telegram application setup complete
2025-08-13 14:45:11,395 - EnhancedSystemMonitor - INFO - ğŸ“Š System Status - Uptime: 0h 0m, Signals: 0, Health: OPTIMAL
2025-08-13 14:45:11,395 - EnhancedUniversalLauncher - INFO - âœ… Enhanced bot started successfully
2025-08-13 14:45:11,395 - EnhancedUniversalLauncher - INFO - ğŸ“± Bot is ready to respond to all commands!
2025-08-13 14:45:11,395 - EnhancedUniversalLauncher - INFO - ğŸ”˜ Interactive navigation buttons are now working properly!
2025-08-13 14:45:11,395 - EnhancedUniversalLauncher - INFO - â° Signals will be generated 1 minute in advance
2025-08-13 14:45:11,395 - EnhancedUniversalLauncher - INFO - ğŸ”¶ OTC pairs active on weekends, ğŸ”· Regular pairs active on weekdays
2025-08-13 14:45:11,395 - EnhancedTradingBot - INFO - ğŸš€ Starting Enhanced Ultimate Trading System...
2025-08-13 14:45:11,395 - EnhancedTradingBot - ERROR - âŒ Enhanced bot runtime error: Cannot close a running event loop
2025-08-13 14:45:11,395 - EnhancedTradingBot - INFO - ğŸ›‘ Enhanced bot stopped
2025-08-13 14:45:11,395 - EnhancedUniversalLauncher - ERROR - âŒ Enhanced bot startup failed: Cannot close a running event loop
2025-08-13 14:45:11,395 - EnhancedUniversalLauncher - ERROR - âŒ Enhanced system error: Cannot close a running event loop
Traceback (most recent call last):
  File "/workspace/venv/lib/python3.13/site-packages/telegram/ext/_application.py", line 1049, in __run
    loop.run_until_complete(self._bootstrap_initialize(max_retries=bootstrap_retries))
    ~~~~~~~~~~~~~~~~~~~~~~~^^^^^^^^^^^^^^^^^^^^^^^^^^^^^^^^^^^^^^^^^^^^^^^^^^^^^^^^^^^
  File "/usr/lib/python3.13/asyncio/base_events.py", line 695, in run_until_complete
    self._check_running()
    ~~~~~~~~~~~~~~~~~~~^^
  File "/usr/lib/python3.13/asyncio/base_events.py", line 631, in _check_running
    raise RuntimeError('This event loop is already running')
RuntimeError: This event loop is already running

During handling of the above exception, another exception occurred:

Traceback (most recent call last):
  File "/workspace/venv/lib/python3.13/site-packages/telegram/ext/_application.py", line 1074, in __run
    loop.run_until_complete(self.shutdown())
    ~~~~~~~~~~~~~~~~~~~~~~~^^^^^^^^^^^^^^^^^
  File "/usr/lib/python3.13/asyncio/base_events.py", line 695, in run_until_complete
    self._check_running()
    ~~~~~~~~~~~~~~~~~~~^^
  File "/usr/lib/python3.13/asyncio/base_events.py", line 631, in _check_running
    raise RuntimeError('This event loop is already running')
RuntimeError: This event loop is already running

During handling of the above exception, another exception occurred:

Traceback (most recent call last):
  File "/workspace/enhanced_universal_launcher.py", line 383, in run_continuous
    await self.start_enhanced_bot()
  File "/workspace/enhanced_universal_launcher.py", line 296, in start_enhanced_bot
    await bot.run()
  File "/workspace/enhanced_telegram_bot.py", line 901, in run
    await self.application.run_polling(drop_pending_updates=True)
          ~~~~~~~~~~~~~~~~~~~~~~~~~~~~^^^^^^^^^^^^^^^^^^^^^^^^^^^
  File "/workspace/venv/lib/python3.13/site-packages/telegram/ext/_application.py", line 839, in run_polling
    return self.__run(
           ~~~~~~~~~~^
        updater_coroutine=self.updater.start_polling(
        ^^^^^^^^^^^^^^^^^^^^^^^^^^^^^^^^^^^^^^^^^^^^^
    ...<9 lines>...
        close_loop=close_loop,
        ^^^^^^^^^^^^^^^^^^^^^^
    )
    ^
  File "/workspace/venv/lib/python3.13/site-packages/telegram/ext/_application.py", line 1079, in __run
    loop.close()
    ~~~~~~~~~~^^
  File "/usr/lib/python3.13/asyncio/unix_events.py", line 70, in close
    super().close()
    ~~~~~~~~~~~~~^^
  File "/usr/lib/python3.13/asyncio/selector_events.py", line 101, in close
    raise RuntimeError("Cannot close a running event loop")
RuntimeError: Cannot close a running event loop
2025-08-13 14:45:11,398 - EnhancedUniversalLauncher - INFO - ğŸ›‘ Stopping Enhanced Ultimate Trading System...
2025-08-13 14:45:11,398 - EnhancedUniversalLauncher - INFO - ğŸ“Š Final System Statistics:
2025-08-13 14:45:11,398 - EnhancedUniversalLauncher - INFO -    Total Uptime: 0h 0m
2025-08-13 14:45:11,398 - EnhancedUniversalLauncher - INFO -    Signals Generated: 0
2025-08-13 14:45:11,398 - EnhancedUniversalLauncher - INFO -    Commands Processed: 0
2025-08-13 14:45:11,398 - EnhancedUniversalLauncher - INFO -    OTC Signals: 0
2025-08-13 14:45:11,398 - EnhancedUniversalLauncher - INFO -    Regular Signals: 0
2025-08-13 14:45:11,398 - EnhancedUniversalLauncher - INFO - ğŸ›‘ Enhanced system shutdown completed

â•”â•â•â•â•â•â•â•â•â•â•â•â•â•â•â•â•â•â•â•â•â•â•â•â•â•â•â•â•â•â•â•â•â•â•â•â•â•â•â•â•â•â•â•â•â•â•â•â•â•â•â•â•â•â•â•â•â•â•â•â•â•â•â•â•â•â•â•â•â•â•â•â•â•â•â•â•â•â•â•—
â•‘                                                                              â•‘
â•‘  ğŸ† ENHANCED ULTIMATE TRADING SYSTEM - UNIVERSAL ENTRY POINT ğŸ†             â•‘
â•‘                                                                              â•‘
â•‘  ğŸ“± Fixed Interactive Telegram Bot Navigation                               â•‘
â•‘  â° 1-Minute Advance Signal Generation                                      â•‘
â•‘  ğŸ”— Pocket Option SSID Synchronization                                     â•‘
â•‘  ğŸ”¶ OTC Pairs (Weekends) / ğŸ”· Regular Pairs (Weekdays)                     â•‘
â•‘  ğŸ“Š Professional Trading Interface                                          â•‘
â•‘  ğŸ¤– Intelligent Signal Generation                                           â•‘
â•‘  âš¡ Real-time Market Analysis                                               â•‘
â•‘  ğŸ”’ Institutional-Grade Security                                            â•‘
â•‘                                                                              â•‘
â•‘  Version: 2.0.0 (Enhanced)                                                 â•‘
â•‘  Status: ğŸŸ¢ ENHANCED & OPERATIONAL                                          â•‘
â•‘  Time: 2025-08-13 14:45:11                                           â•‘
â•‘                                                                              â•‘
â•šâ•â•â•â•â•â•â•â•â•â•â•â•â•â•â•â•â•â•â•â•â•â•â•â•â•â•â•â•â•â•â•â•â•â•â•â•â•â•â•â•â•â•â•â•â•â•â•â•â•â•â•â•â•â•â•â•â•â•â•â•â•â•â•â•â•â•â•â•â•â•â•â•â•â•â•â•â•â•â•
        
